<?xml version="1.0" encoding="UTF-8"?>
<!-- Generated by org.testng.reporters.JUnitReportReporter -->
<testsuite hostname="Vipin99Lappi" failures="0" tests="2" name="Test.Test_Entrata_Landing_Page" time="0.130" errors="0" timestamp="2025-07-02T10:02:32 IST" skipped="0">
  <testcase classname="Test.Test_Entrata_Landing_Page" name="verify_CurrntUrl" time="0.054"/>
  <testcase classname="Test.Test_Entrata_Landing_Page" name="verify_Title" time="0.076"/>
</testsuite> <!-- Test.Test_Entrata_Landing_Page -->
