<?xml version="1.0" encoding="UTF-8"?>
<!-- Generated by org.testng.reporters.JUnitReportReporter -->
<testsuite hostname="Vipin99Lappi" failures="0" tests="3" name="Test.Test_AI_and_Automation_Suite_Demo" time="19.856" errors="0" timestamp="2025-07-04T12:13:14 IST" skipped="0">
  <testcase classname="Test.Test_AI_and_Automation_Suite_Demo" name="verify_CurrntUrl" time="1.332"/>
  <testcase classname="Test.Test_AI_and_Automation_Suite_Demo" name="verify_Title" time="0.090"/>
  <testcase classname="Test.Test_AI_and_Automation_Suite_Demo" name="click_on_AIAutomationSuit" time="18.434"/>
</testsuite> <!-- Test.Test_AI_and_Automation_Suite_Demo -->
